<?xml version="1.0" encoding="UTF-8"?>
<!-- Generated by org.testng.reporters.JUnitReportReporter -->
<testsuite hostname="DESKTOP-6FJOQGB" failures="0" tests="1" name="TestCases.TestBase" time="10.736" errors="0" timestamp="31 Jan 2018 18:12:40 GMT" skipped="0">
  <testcase classname="TestCases.TestBase" name="f" time="10.736"/>
</testsuite> <!-- TestCases.TestBase -->
